[02Jan2025 00:02:02.785] [Server thread/INFO] [net.minecraft.server.dedicated.DedicatedServer/]: <thevip_1> aplano la parte de aqui atras??
[02Jan2025 00:02:12.600] [Server thread/INFO] [net.minecraft.server.dedicated.DedicatedServer/]: <Derdav> si si
[02Jan2025 00:02:21.238] [Server thread/INFO] [net.minecraft.server.dedicated.DedicatedServer/]: <Derdav> que se vea bonito
[02Jan2025 00:05:07.498] [Server thread/INFO] [net.minecraft.server.dedicated.DedicatedServer/]: <thevip_1> JODER NO PUEDO
[02Jan2025 00:05:12.612] [Server thread/INFO] [net.minecraft.server.dedicated.DedicatedServer/]: <Derdav> no puede que?
[02Jan2025 00:05:18.057] [Server thread/INFO] [net.minecraft.server.dedicated.DedicatedServer/]: <thevip_1> APLANAR
[02Jan2025 00:05:36.199] [Server thread/INFO] [net.minecraft.server.dedicated.DedicatedServer/]: <thevip_1> no puedo quitar nd
[02Jan2025 00:05:38.269] [Server thread/INFO] [net.minecraft.server.dedicated.DedicatedServer/]: <Derdav> por que?
[02Jan2025 00:05:43.260] [Server thread/INFO] [net.minecraft.server.dedicated.DedicatedServer/]: <thevip_1> nose
[02Jan2025 00:05:55.099] [Server thread/INFO] [net.minecraft.server.dedicated.DedicatedServer/]: <thevip_1> vea
[02Jan2025 00:06:02.798] [Server thread/INFO] [net.minecraft.server.dedicated.DedicatedServer/]: <thevip_1> vengaaaaaaaaaaaaaa
[02Jan2025 00:06:16.189] [Server thread/INFO] [net.minecraft.server.dedicated.DedicatedServer/]: <Derdav> a mimirrr
[02Jan2025 00:06:29.211] [Server thread/INFO] [net.minecraft.server.dedicated.DedicatedServer/]: <Derdav> mimiiiirrrr
[02Jan2025 00:07:51.710] [Server thread/INFO] [net.minecraft.server.dedicated.DedicatedServer/]: <thevip_1> voy a ir a la mina
[02Jan2025 00:11:35.543] [Server thread/INFO] [net.minecraft.server.dedicated.DedicatedServer/]: <Derdav> pudo aplanar
[02Jan2025 00:11:57.124] [Server thread/INFO] [net.minecraft.server.dedicated.DedicatedServer/]: <thevip_1> noooooo
[02Jan2025 00:12:02.350] [Server thread/INFO] [net.minecraft.server.dedicated.DedicatedServer/]: <thevip_1> ando minando
[02Jan2025 00:12:03.642] [Server thread/INFO] [net.minecraft.server.dedicated.DedicatedServer/]: <Derdav> que extraño
[02Jan2025 00:18:32.503] [Server thread/INFO] [net.minecraft.server.dedicated.DedicatedServer/]: <Derdav> zzzzzz
[02Jan2025 00:18:56.171] [Server thread/INFO] [net.minecraft.server.dedicated.DedicatedServer/]: <thevip_1> aga tp mjr
[02Jan2025 00:18:56.700] [Server thread/INFO] [net.minecraft.server.dedicated.DedicatedServer/]: <Derdav> zzzzzzzzzzzzzzzzzzz
[02Jan2025 00:18:58.431] [Server thread/INFO] [net.minecraft.server.dedicated.DedicatedServer/]: <Derdav> zzzzzzzzzzzzzzzzz
[02Jan2025 00:19:02.859] [Server thread/INFO] [net.minecraft.server.dedicated.DedicatedServer/]: [Derdav: Teleported thevip_1 to Derdav]
[02Jan2025 00:19:09.385] [Server thread/INFO] [net.minecraft.server.dedicated.DedicatedServer/]: <Derdav> zzzzzzzzzzzzzzzzzz
[02Jan2025 00:20:56.920] [Server thread/WARN] [net.minecraft.server.management.PlayerInteractionManager/]: Mismatch in destroy block pos: BlockPos{x=-260, y=65, z=98} BlockPos{x=-255, y=66, z=98}
[02Jan2025 00:20:59.645] [Server thread/WARN] [net.minecraft.server.management.PlayerInteractionManager/]: Mismatch in destroy block pos: BlockPos{x=-260, y=65, z=98} BlockPos{x=-256, y=66, z=101}
[02Jan2025 00:21:00.450] [Server thread/WARN] [net.minecraft.server.management.PlayerInteractionManager/]: Mismatch in destroy block pos: BlockPos{x=-260, y=65, z=98} BlockPos{x=-256, y=65, z=100}
[02Jan2025 00:21:00.650] [Server thread/WARN] [net.minecraft.server.management.PlayerInteractionManager/]: Mismatch in destroy block pos: BlockPos{x=-260, y=65, z=98} BlockPos{x=-255, y=66, z=99}
[02Jan2025 00:21:02.255] [Server thread/WARN] [net.minecraft.server.management.PlayerInteractionManager/]: Mismatch in destroy block pos: BlockPos{x=-260, y=65, z=98} BlockPos{x=-255, y=66, z=97}
[02Jan2025 00:21:02.555] [Server thread/WARN] [net.minecraft.server.management.PlayerInteractionManager/]: Mismatch in destroy block pos: BlockPos{x=-260, y=65, z=98} BlockPos{x=-256, y=66, z=101}
[02Jan2025 00:21:10.079] [Server thread/WARN] [net.minecraft.server.management.PlayerInteractionManager/]: Mismatch in destroy block pos: BlockPos{x=-258, y=65, z=99} BlockPos{x=-256, y=66, z=101}
[02Jan2025 00:21:10.148] [Server thread/WARN] [net.minecraft.server.management.PlayerInteractionManager/]: Mismatch in destroy block pos: BlockPos{x=-258, y=65, z=99} BlockPos{x=-256, y=65, z=101}
[02Jan2025 00:21:11.050] [Server thread/WARN] [net.minecraft.server.management.PlayerInteractionManager/]: Mismatch in destroy block pos: BlockPos{x=-258, y=65, z=100} BlockPos{x=-255, y=66, z=100}
[02Jan2025 00:21:11.184] [Server thread/WARN] [net.minecraft.server.management.PlayerInteractionManager/]: Mismatch in destroy block pos: BlockPos{x=-258, y=65, z=100} BlockPos{x=-255, y=66, z=100}
[02Jan2025 00:21:11.251] [Server thread/WARN] [net.minecraft.server.management.PlayerInteractionManager/]: Mismatch in destroy block pos: BlockPos{x=-258, y=65, z=100} BlockPos{x=-255, y=66, z=100}
[02Jan2025 00:21:12.586] [Server thread/WARN] [net.minecraft.server.management.PlayerInteractionManager/]: Mismatch in destroy block pos: BlockPos{x=-258, y=66, z=97} BlockPos{x=-255, y=66, z=96}
[02Jan2025 00:21:13.391] [Server thread/WARN] [net.minecraft.server.management.PlayerInteractionManager/]: Mismatch in destroy block pos: BlockPos{x=-257, y=66, z=95} BlockPos{x=-255, y=66, z=98}
